# JRE version: Java(TM) SE Runtime Environment (8.0_251-b08) (build 1.8.0_251-b08)
# Java VM: Java HotSpot(TM) 64-Bit Server VM (25.251-b08 mixed mode windows-amd64 compressed oops)
Heap:
 PSYoungGen      total 145408K, used 124691K [0x00000000eab00000, 0x00000000f4600000, 0x0000000100000000)
  eden space 133120K, 84% used [0x00000000eab00000,0x00000000f18c6f58,0x00000000f2d00000)
  from space 12288K, 99% used [0x00000000f3a00000,0x00000000f45fdf18,0x00000000f4600000)
  to   space 12800K, 0% used [0x00000000f2d00000,0x00000000f2d00000,0x00000000f3980000)
 ParOldGen       total 63488K, used 17476K [0x00000000c0000000, 0x00000000c3e00000, 0x00000000eab00000)
  object space 63488K, 27% used [0x00000000c0000000,0x00000000c1111388,0x00000000c3e00000)
 Metaspace       used 41974K, capacity 42526K, committed 42752K, reserved 1085440K
  class space    used 5905K, capacity 6087K, committed 6144K, reserved 1048576K
GC Heap History (10 events):
Event: 5.023 GC heap before
{Heap before GC invocations=14 (full 2):
 PSYoungGen      total 107008K, used 95136K [0x00000000eab00000, 0x00000000f3300000, 0x0000000100000000)
  eden space 94720K, 100% used [0x00000000eab00000,0x00000000f0780000,0x00000000f0780000)
  from space 12288K, 3% used [0x00000000f0780000,0x00000000f07e8020,0x00000000f1380000)
  to   space 12800K, 0% used [0x00000000f2680000,0x00000000f2680000,0x00000000f3300000)
 ParOldGen       total 63488K, used 17380K [0x00000000c0000000, 0x00000000c3e00000, 0x00000000eab00000)
  object space 63488K, 27% used [0x00000000c0000000,0x00000000c10f9388,0x00000000c3e00000)
 Metaspace       used 35275K, capacity 35678K, committed 36096K, reserved 1079296K
  class space    used 5130K, capacity 5277K, committed 5376K, reserved 1048576K
Event: 5.025 GC heap after
Heap after GC invocations=14 (full 2):
 PSYoungGen      total 125440K, used 640K [0x00000000eab00000, 0x00000000f3280000, 0x0000000100000000)
  eden space 113152K, 0% used [0x00000000eab00000,0x00000000eab00000,0x00000000f1980000)
  from space 12288K, 5% used [0x00000000f2680000,0x00000000f2720020,0x00000000f3280000)
  to   space 12800K, 0% used [0x00000000f1980000,0x00000000f1980000,0x00000000f2600000)
 ParOldGen       total 63488K, used 17380K [0x00000000c0000000, 0x00000000c3e00000, 0x00000000eab00000)
  object space 63488K, 27% used [0x00000000c0000000,0x00000000c10f9388,0x00000000c3e00000)
 Metaspace       used 35275K, capacity 35678K, committed 36096K, reserved 1079296K
  class space    used 5130K, capacity 5277K, committed 5376K, reserved 1048576K
}
Event: 5.347 GC heap before
{Heap before GC invocations=15 (full 2):
 PSYoungGen      total 125440K, used 113792K [0x00000000eab00000, 0x00000000f3280000, 0x0000000100000000)
  eden space 113152K, 100% used [0x00000000eab00000,0x00000000f1980000,0x00000000f1980000)
  from space 12288K, 5% used [0x00000000f2680000,0x00000000f2720020,0x00000000f3280000)
  to   space 12800K, 0% used [0x00000000f1980000,0x00000000f1980000,0x00000000f2600000)
 ParOldGen       total 63488K, used 17380K [0x00000000c0000000, 0x00000000c3e00000, 0x00000000eab00000)
  object space 63488K, 27% used [0x00000000c0000000,0x00000000c10f9388,0x00000000c3e00000)
 Metaspace       used 35276K, capacity 35678K, committed 36096K, reserved 1079296K
  class space    used 5130K, capacity 5277K, committed 5376K, reserved 1048576K
Event: 5.349 GC heap after
Heap after GC invocations=15 (full 2):
 PSYoungGen      total 125952K, used 1136K [0x00000000eab00000, 0x00000000f4680000, 0x0000000100000000)
  eden space 113152K, 0% used [0x00000000eab00000,0x00000000eab00000,0x00000000f1980000)
  from space 12800K, 8% used [0x00000000f1980000,0x00000000f1a9c140,0x00000000f2600000)
  to   space 12800K, 0% used [0x00000000f3a00000,0x00000000f3a00000,0x00000000f4680000)
 ParOldGen       total 63488K, used 17380K [0x00000000c0000000, 0x00000000c3e00000, 0x00000000eab00000)
  object space 63488K, 27% used [0x00000000c0000000,0x00000000c10f9388,0x00000000c3e00000)
 Metaspace       used 35276K, capacity 35678K, committed 36096K, reserved 1079296K
  class space    used 5130K, capacity 5277K, committed 5376K, reserved 1048576K
}
Event: 5.568 GC heap before
{Heap before GC invocations=16 (full 2):
 PSYoungGen      total 125952K, used 114288K [0x00000000eab00000, 0x00000000f4680000, 0x0000000100000000)
  eden space 113152K, 100% used [0x00000000eab00000,0x00000000f1980000,0x00000000f1980000)
  from space 12800K, 8% used [0x00000000f1980000,0x00000000f1a9c140,0x00000000f2600000)
  to   space 12800K, 0% used [0x00000000f3a00000,0x00000000f3a00000,0x00000000f4680000)
 ParOldGen       total 63488K, used 17380K [0x00000000c0000000, 0x00000000c3e00000, 0x00000000eab00000)
  object space 63488K, 27% used [0x00000000c0000000,0x00000000c10f9388,0x00000000c3e00000)
 Metaspace       used 35285K, capacity 35742K, committed 36096K, reserved 1079296K
  class space    used 5131K, capacity 5277K, committed 5376K, reserved 1048576K
Event: 5.570 GC heap after
Heap after GC invocations=16 (full 2):
 PSYoungGen      total 145408K, used 448K [0x00000000eab00000, 0x00000000f4600000, 0x0000000100000000)
  eden space 133120K, 0% used [0x00000000eab00000,0x00000000eab00000,0x00000000f2d00000)
  from space 12288K, 3% used [0x00000000f3a00000,0x00000000f3a70020,0x00000000f4600000)
  to   space 12800K, 0% used [0x00000000f2d00000,0x00000000f2d00000,0x00000000f3980000)
 ParOldGen       total 63488K, used 17380K [0x00000000c0000000, 0x00000000c3e00000, 0x00000000eab00000)
  object space 63488K, 27% used [0x00000000c0000000,0x00000000c10f9388,0x00000000c3e00000)
 Metaspace       used 35285K, capacity 35742K, committed 36096K, reserved 1079296K
  class space    used 5131K, capacity 5277K, committed 5376K, reserved 1048576K
}
Event: 5.835 GC heap before
{Heap before GC invocations=17 (full 2):
 PSYoungGen      total 145408K, used 133568K [0x00000000eab00000, 0x00000000f4600000, 0x0000000100000000)
  eden space 133120K, 100% used [0x00000000eab00000,0x00000000f2d00000,0x00000000f2d00000)
  from space 12288K, 3% used [0x00000000f3a00000,0x00000000f3a70020,0x00000000f4600000)
  to   space 12800K, 0% used [0x00000000f2d00000,0x00000000f2d00000,0x00000000f3980000)
 ParOldGen       total 63488K, used 17380K [0x00000000c0000000, 0x00000000c3e00000, 0x00000000eab00000)
  object space 63488K, 27% used [0x00000000c0000000,0x00000000c10f9388,0x00000000c3e00000)
 Metaspace       used 35302K, capacity 35742K, committed 36096K, reserved 1079296K
  class space    used 5131K, capacity 5277K, committed 5376K, reserved 1048576K
Event: 5.837 GC heap after
Heap after GC invocations=17 (full 2):
 PSYoungGen      total 145920K, used 704K [0x00000000eab00000, 0x00000000f4600000, 0x0000000100000000)
  eden space 133120K, 0% used [0x00000000eab00000,0x00000000eab00000,0x00000000f2d00000)
  from space 12800K, 5% used [0x00000000f2d00000,0x00000000f2db0020,0x00000000f3980000)
  to   space 12288K, 0% used [0x00000000f3a00000,0x00000000f3a00000,0x00000000f4600000)
 ParOldGen       total 63488K, used 17380K [0x00000000c0000000, 0x00000000c3e00000, 0x00000000eab00000)
  object space 63488K, 27% used [0x00000000c0000000,0x00000000c10f9388,0x00000000c3e00000)
 Metaspace       used 35302K, capacity 35742K, committed 36096K, reserved 1079296K
  class space    used 5131K, capacity 5277K, committed 5376K, reserved 1048576K
}
Event: 6.716 GC heap before
{Heap before GC invocations=18 (full 2):
 PSYoungGen      total 145920K, used 133824K [0x00000000eab00000, 0x00000000f4600000, 0x0000000100000000)
  eden space 133120K, 100% used [0x00000000eab00000,0x00000000f2d00000,0x00000000f2d00000)
  from space 12800K, 5% used [0x00000000f2d00000,0x00000000f2db0020,0x00000000f3980000)
  to   space 12288K, 0% used [0x00000000f3a00000,0x00000000f3a00000,0x00000000f4600000)
 ParOldGen       total 63488K, used 17380K [0x00000000c0000000, 0x00000000c3e00000, 0x00000000eab00000)
  object space 63488K, 27% used [0x00000000c0000000,0x00000000c10f9388,0x00000000c3e00000)
 Metaspace       used 35696K, capacity 36068K, committed 36352K, reserved 1081344K
  class space    used 5158K, capacity 5278K, committed 5376K, reserved 1048576K
Event: 6.742 GC heap after
Heap after GC invocations=18 (full 2):
 PSYoungGen      total 145408K, used 12279K [0x00000000eab00000, 0x00000000f4600000, 0x0000000100000000)
  eden space 133120K, 0% used [0x00000000eab00000,0x00000000eab00000,0x00000000f2d00000)
  from space 12288K, 99% used [0x00000000f3a00000,0x00000000f45fdf18,0x00000000f4600000)
  to   space 12800K, 0% used [0x00000000f2d00000,0x00000000f2d00000,0x00000000f3980000)
 ParOldGen       total 63488K, used 17476K [0x00000000c0000000, 0x00000000c3e00000, 0x00000000eab00000)
  object space 63488K, 27% used [0x00000000c0000000,0x00000000c1111388,0x00000000c3e00000)
 Metaspace       used 35696K, capacity 36068K, committed 36352K, reserved 1081344K
  class space    used 5158K, capacity 5278K, committed 5376K, reserved 1048576K
}

