# JRE version: Java(TM) SE Runtime Environment (8.0_251-b08) (build 1.8.0_251-b08)
# Java VM: Java HotSpot(TM) 64-Bit Server VM (25.251-b08 mixed mode windows-amd64 compressed oops)
Heap:
 PSYoungGen      total 143872K, used 34779K [0x00000000eab00000, 0x00000000f4700000, 0x0000000100000000)
  eden space 131072K, 16% used [0x00000000eab00000,0x00000000ec07adf8,0x00000000f2b00000)
  from space 12800K, 99% used [0x00000000f2b00000,0x00000000f377c0a0,0x00000000f3780000)
  to   space 13312K, 0% used [0x00000000f3780000,0x00000000f3780000,0x00000000f4480000)
 ParOldGen       total 62464K, used 34671K [0x00000000c0000000, 0x00000000c3d00000, 0x00000000eab00000)
  object space 62464K, 55% used [0x00000000c0000000,0x00000000c21dbcc8,0x00000000c3d00000)
 Metaspace       used 41899K, capacity 42426K, committed 42752K, reserved 1085440K
  class space    used 5893K, capacity 6055K, committed 6144K, reserved 1048576K
GC Heap History (10 events):
Event: 7.261 GC heap before
{Heap before GC invocations=13 (full 2):
 PSYoungGen      total 117248K, used 117240K [0x00000000eab00000, 0x00000000f3180000, 0x0000000100000000)
  eden space 105472K, 100% used [0x00000000eab00000,0x00000000f1200000,0x00000000f1200000)
  from space 11776K, 99% used [0x00000000f2600000,0x00000000f317e320,0x00000000f3180000)
  to   space 13312K, 0% used [0x00000000f1780000,0x00000000f1780000,0x00000000f2480000)
 ParOldGen       total 62464K, used 18068K [0x00000000c0000000, 0x00000000c3d00000, 0x00000000eab00000)
  object space 62464K, 28% used [0x00000000c0000000,0x00000000c11a50b8,0x00000000c3d00000)
 Metaspace       used 41816K, capacity 42356K, committed 42752K, reserved 1085440K
  class space    used 5883K, capacity 6054K, committed 6144K, reserved 1048576K
Event: 7.276 GC heap after
Heap after GC invocations=13 (full 2):
 PSYoungGen      total 124416K, used 5335K [0x00000000eab00000, 0x00000000f4480000, 0x0000000100000000)
  eden space 111104K, 0% used [0x00000000eab00000,0x00000000eab00000,0x00000000f1780000)
  from space 13312K, 40% used [0x00000000f1780000,0x00000000f1cb5ee8,0x00000000f2480000)
  to   space 13312K, 0% used [0x00000000f3780000,0x00000000f3780000,0x00000000f4480000)
 ParOldGen       total 62464K, used 27109K [0x00000000c0000000, 0x00000000c3d00000, 0x00000000eab00000)
  object space 62464K, 43% used [0x00000000c0000000,0x00000000c1a79508,0x00000000c3d00000)
 Metaspace       used 41816K, capacity 42356K, committed 42752K, reserved 1085440K
  class space    used 5883K, capacity 6054K, committed 6144K, reserved 1048576K
}
Event: 10.024 GC heap before
{Heap before GC invocations=14 (full 2):
 PSYoungGen      total 124416K, used 116439K [0x00000000eab00000, 0x00000000f4480000, 0x0000000100000000)
  eden space 111104K, 100% used [0x00000000eab00000,0x00000000f1780000,0x00000000f1780000)
  from space 13312K, 40% used [0x00000000f1780000,0x00000000f1cb5ee8,0x00000000f2480000)
  to   space 13312K, 0% used [0x00000000f3780000,0x00000000f3780000,0x00000000f4480000)
 ParOldGen       total 62464K, used 27109K [0x00000000c0000000, 0x00000000c3d00000, 0x00000000eab00000)
  object space 62464K, 43% used [0x00000000c0000000,0x00000000c1a79508,0x00000000c3d00000)
 Metaspace       used 41821K, capacity 42356K, committed 42752K, reserved 1085440K
  class space    used 5884K, capacity 6054K, committed 6144K, reserved 1048576K
Event: 10.034 GC heap after
Heap after GC invocations=14 (full 2):
 PSYoungGen      total 144384K, used 8192K [0x00000000eab00000, 0x00000000f4700000, 0x0000000100000000)
  eden space 131072K, 0% used [0x00000000eab00000,0x00000000eab00000,0x00000000f2b00000)
  from space 13312K, 61% used [0x00000000f3780000,0x00000000f3f80000,0x00000000f4480000)
  to   space 12800K, 0% used [0x00000000f2b00000,0x00000000f2b00000,0x00000000f3780000)
 ParOldGen       total 62464K, used 27109K [0x00000000c0000000, 0x00000000c3d00000, 0x00000000eab00000)
  object space 62464K, 43% used [0x00000000c0000000,0x00000000c1a79508,0x00000000c3d00000)
 Metaspace       used 41821K, capacity 42356K, committed 42752K, reserved 1085440K
  class space    used 5884K, capacity 6054K, committed 6144K, reserved 1048576K
}
Event: 12.752 GC heap before
{Heap before GC invocations=15 (full 2):
 PSYoungGen      total 144384K, used 139264K [0x00000000eab00000, 0x00000000f4700000, 0x0000000100000000)
  eden space 131072K, 100% used [0x00000000eab00000,0x00000000f2b00000,0x00000000f2b00000)
  from space 13312K, 61% used [0x00000000f3780000,0x00000000f3f80000,0x00000000f4480000)
  to   space 12800K, 0% used [0x00000000f2b00000,0x00000000f2b00000,0x00000000f3780000)
 ParOldGen       total 62464K, used 27109K [0x00000000c0000000, 0x00000000c3d00000, 0x00000000eab00000)
  object space 62464K, 43% used [0x00000000c0000000,0x00000000c1a79508,0x00000000c3d00000)
 Metaspace       used 41873K, capacity 42356K, committed 42752K, reserved 1085440K
  class space    used 5892K, capacity 6054K, committed 6144K, reserved 1048576K
Event: 12.778 GC heap after
Heap after GC invocations=15 (full 2):
 PSYoungGen      total 143872K, used 12784K [0x00000000eab00000, 0x00000000f4700000, 0x0000000100000000)
  eden space 131072K, 0% used [0x00000000eab00000,0x00000000eab00000,0x00000000f2b00000)
  from space 12800K, 99% used [0x00000000f2b00000,0x00000000f377c040,0x00000000f3780000)
  to   space 13312K, 0% used [0x00000000f3780000,0x00000000f3780000,0x00000000f4480000)
 ParOldGen       total 62464K, used 28073K [0x00000000c0000000, 0x00000000c3d00000, 0x00000000eab00000)
  object space 62464K, 44% used [0x00000000c0000000,0x00000000c1b6a528,0x00000000c3d00000)
 Metaspace       used 41873K, capacity 42356K, committed 42752K, reserved 1085440K
  class space    used 5892K, capacity 6054K, committed 6144K, reserved 1048576K
}
Event: 13.887 GC heap before
{Heap before GC invocations=16 (full 2):
 PSYoungGen      total 143872K, used 143856K [0x00000000eab00000, 0x00000000f4700000, 0x0000000100000000)
  eden space 131072K, 100% used [0x00000000eab00000,0x00000000f2b00000,0x00000000f2b00000)
  from space 12800K, 99% used [0x00000000f2b00000,0x00000000f377c040,0x00000000f3780000)
  to   space 13312K, 0% used [0x00000000f3780000,0x00000000f3780000,0x00000000f4480000)
 ParOldGen       total 62464K, used 28073K [0x00000000c0000000, 0x00000000c3d00000, 0x00000000eab00000)
  object space 62464K, 44% used [0x00000000c0000000,0x00000000c1b6a528,0x00000000c3d00000)
 Metaspace       used 41884K, capacity 42420K, committed 42752K, reserved 1085440K
  class space    used 5892K, capacity 6054K, committed 6144K, reserved 1048576K
Event: 13.902 GC heap after
Heap after GC invocations=16 (full 2):
 PSYoungGen      total 144384K, used 11152K [0x00000000eab00000, 0x00000000f4700000, 0x0000000100000000)
  eden space 131072K, 0% used [0x00000000eab00000,0x00000000eab00000,0x00000000f2b00000)
  from space 13312K, 83% used [0x00000000f3780000,0x00000000f4264080,0x00000000f4480000)
  to   space 12800K, 0% used [0x00000000f2b00000,0x00000000f2b00000,0x00000000f3780000)
 ParOldGen       total 62464K, used 32455K [0x00000000c0000000, 0x00000000c3d00000, 0x00000000eab00000)
  object space 62464K, 51% used [0x00000000c0000000,0x00000000c1fb1cc8,0x00000000c3d00000)
 Metaspace       used 41884K, capacity 42420K, committed 42752K, reserved 1085440K
  class space    used 5892K, capacity 6054K, committed 6144K, reserved 1048576K
}
Event: 15.843 GC heap before
{Heap before GC invocations=17 (full 2):
 PSYoungGen      total 144384K, used 142224K [0x00000000eab00000, 0x00000000f4700000, 0x0000000100000000)
  eden space 131072K, 100% used [0x00000000eab00000,0x00000000f2b00000,0x00000000f2b00000)
  from space 13312K, 83% used [0x00000000f3780000,0x00000000f4264080,0x00000000f4480000)
  to   space 12800K, 0% used [0x00000000f2b00000,0x00000000f2b00000,0x00000000f3780000)
 ParOldGen       total 62464K, used 32455K [0x00000000c0000000, 0x00000000c3d00000, 0x00000000eab00000)
  object space 62464K, 51% used [0x00000000c0000000,0x00000000c1fb1cc8,0x00000000c3d00000)
 Metaspace       used 41895K, capacity 42420K, committed 42752K, reserved 1085440K
  class space    used 5892K, capacity 6054K, committed 6144K, reserved 1048576K
Event: 15.855 GC heap after
Heap after GC invocations=17 (full 2):
 PSYoungGen      total 143872K, used 12784K [0x00000000eab00000, 0x00000000f4700000, 0x0000000100000000)
  eden space 131072K, 0% used [0x00000000eab00000,0x00000000eab00000,0x00000000f2b00000)
  from space 12800K, 99% used [0x00000000f2b00000,0x00000000f377c0a0,0x00000000f3780000)
  to   space 13312K, 0% used [0x00000000f3780000,0x00000000f3780000,0x00000000f4480000)
 ParOldGen       total 62464K, used 34671K [0x00000000c0000000, 0x00000000c3d00000, 0x00000000eab00000)
  object space 62464K, 55% used [0x00000000c0000000,0x00000000c21dbcc8,0x00000000c3d00000)
 Metaspace       used 41895K, capacity 42420K, committed 42752K, reserved 1085440K
  class space    used 5892K, capacity 6054K, committed 6144K, reserved 1048576K
}

